<?xml version="1.0" encoding="UTF-8"?>
<!-- Generated by org.testng.reporters.JUnitReportReporter -->
<testsuite hostname="LAPTOP-2FHUEGT3" failures="0" tests="1" name="Project2.MainPage" time="6.213" errors="0" timestamp="2024-04-18T10:05:02 IST" skipped="0">
  <testcase classname="Project2.MainPage" name="mainExecutionMethod" time="6.213"/>
  <system-out/>
</testsuite> <!-- Project2.MainPage -->
