<?xml version="1.0" encoding="UTF-8"?>
<!-- Generated by org.testng.reporters.JUnitReportReporter -->
<testsuite hostname="LAPTOP-2FHUEGT3" failures="0" tests="1" name="Object.MainExecution" time="15.496" errors="0" timestamp="2024-04-29T11:21:35 IST" skipped="0">
  <testcase classname="Object.MainExecution" name="mainExecutionMethod" time="15.496"/>
  <system-out/>
</testsuite> <!-- Object.MainExecution -->
